module.js:327
    throw err;
    ^

Error: Cannot find module '/home/pi/small_project_files/light_control_server.js'
    at Function.Module._resolveFilename (module.js:325:15)
    at Function.Module._load (module.js:276:25)
    at Function.Module.runMain (module.js:441:10)
    at startup (node.js:139:18)
    at node.js:968:3
events.js:141
      throw er; // Unhandled 'error' event
      ^

Error: listen EADDRINUSE :::3000
  at Object.exports._errnoException (util.js:870:11)
  at exports._exceptionWithHostPort (util.js:893:20)
  at Server._listen2 (net.js:1234:14)
  at listen (net.js:1270:10)
  at Server.listen (net.js:1366:5)
  at EventEmitter.listen (/home/pi/node_modules/express/lib/application.js:617:24)
  at Object.<anonymous> (/home/pi/small_project_files/light_control_server/server.js:146:5)
  at Module._compile (module.js:409:26)
  at Object.Module._extensions..js (module.js:416:10)
  at Module.load (module.js:343:32)
  at Function.Module._load (module.js:300:12)
  at Function.Module.runMain (module.js:441:10)
  at startup (node.js:139:18)
  at node.js:968:3

